2020-09-13 11:11:12,204 DEBUG    root            Loaded Command Group: ['gcloud', 'config']
2020-09-13 11:11:12,208 DEBUG    root            Loaded Command Group: ['gcloud', 'config', 'config_helper']
2020-09-13 11:11:12,210 DEBUG    root            Running [gcloud.config.config-helper] with arguments: [--format: "json"]
2020-09-13 11:11:12,217 INFO     root            Display format: "default json"
2020-09-13 11:11:12,217 INFO     ___FILE_ONLY___ {
  "configuration": {
    "active_configuration": "mobco",
    "properties": {
      "compute": {
        "zone": "europe-west2-a"
      },
      "core": {
        "account": "vyeve@ik-tech.io",
        "disable_usage_reporting": "True",
        "project": "mobco-prod"
      }
    }
  },
  "credential": {
    "access_token": "ya29.a0AfH6SMDITlHzUuiV-K4ZaWxpftEi_L2g1I3Q7v3fvr_dOaMyXzWor4wtMlxrOssESy_92QnXHLwIFjysJKlhXIUgwsxsDlPNqlBecYBBlGapCPDAIRKTUi_Pjq_kvg5lc8R4_aVv8Yh78j-nVtGrmZSm2_HvemAZsh_z6tb0ZQ8f2A",
    "id_token": "eyJhbGciOiJSUzI1NiIsImtpZCI6IjNmMzMyYjNlOWI5MjhiZmU1MWJjZjRmOGRhNTQzY2M0YmQ5ZDQ3MjQiLCJ0eXAiOiJKV1QifQ.eyJpc3MiOiJodHRwczovL2FjY291bnRzLmdvb2dsZS5jb20iLCJhenAiOiIzMjU1NTk0MDU1OS5hcHBzLmdvb2dsZXVzZXJjb250ZW50LmNvbSIsImF1ZCI6IjMyNTU1OTQwNTU5LmFwcHMuZ29vZ2xldXNlcmNvbnRlbnQuY29tIiwic3ViIjoiMTE2MjIwODc5MTYxMDg3Njk1NDQzIiwiaGQiOiJpay10ZWNoLmlvIiwiZW1haWwiOiJ2eWV2ZUBpay10ZWNoLmlvIiwiZW1haWxfdmVyaWZpZWQiOnRydWUsImF0X2hhc2giOiI3QVNfVk93TGhUQ0RRR1R1TjVEejFBIiwiaWF0IjoxNTk5OTg0NjcwLCJleHAiOjE1OTk5ODgyNzB9.DBZ0zUjfgreqKKQf2rQFK2xzT2WvQuXoLwNCaHzZgm7Rww0NoZGrtcvxLWOFHqVZCoLrWDndckeP-yGid-T5Jmpt3x9iB-b0GOXnAM75EAzFLdW6Gra4ROIVJGCb05UhPfWbz8Z05kV6XEkjn-1_I8iTdqT006EH_tWHcAuiQOoi78IZoX-E8I_PVGcDjaWLwxbJInhrSOQMZBTS5GlINHZrlkvE0VIce3zwgeFXZaF7Vs0L0hsm95jnP5ABZYdAFTZhQAJlsD7ytQWtmLLYxFyTkE-MWrqQEfEyLaaXFf_b0CM_HRbnvPKxZj6WPUbRRBc0ke4ONiDMhn1rPLGHEw",
    "token_expiry": "2020-09-13T09:11:09Z"
  },
  "sentinels": {
    "config_sentinel": "/home/vyeve/.config/gcloud/config_sentinel"
  }
}
2020-09-13 11:11:12,218 INFO     ___FILE_ONLY___ 

2020-09-13 11:11:12,219 DEBUG    root            SDK update checks are disabled.
