2020-09-13 11:11:09,806 DEBUG    root            Loaded Command Group: ['gcloud', 'config']
2020-09-13 11:11:09,808 DEBUG    root            Loaded Command Group: ['gcloud', 'config', 'config_helper']
2020-09-13 11:11:09,811 DEBUG    root            Running [gcloud.config.config-helper] with arguments: [--format: "json"]
2020-09-13 11:11:09,873 DEBUG    google_auth_httplib2 Making request: POST https://oauth2.googleapis.com/token
2020-09-13 11:11:10,193 INFO     root            Display format: "default json"
2020-09-13 11:11:10,195 INFO     ___FILE_ONLY___ {
  "configuration": {
    "active_configuration": "mobco",
    "properties": {
      "compute": {
        "zone": "europe-west2-a"
      },
      "core": {
        "account": "vyeve@ik-tech.io",
        "disable_usage_reporting": "True",
        "project": "mobco-prod"
      }
    }
  },
  "credential": {
    "access_token": "ya29.a0AfH6SMCTWau5ni_mLPc5BESLe1xRQ2Y_Bvtw2DBBKtvx64VOapSfx0EtqOfzyLHb7NknB5syN3DZJXpj25YqCMlN7KKi2Gs-2PlIGvEXUhioa9IWXzr96s9oJYLEwEKmdlZ1atPLGGQMgEJnY6NZ3JiItm0yl6CMS2NGsc2DjduqJw",
    "id_token": "eyJhbGciOiJSUzI1NiIsImtpZCI6IjNmMzMyYjNlOWI5MjhiZmU1MWJjZjRmOGRhNTQzY2M0YmQ5ZDQ3MjQiLCJ0eXAiOiJKV1QifQ.eyJpc3MiOiJodHRwczovL2FjY291bnRzLmdvb2dsZS5jb20iLCJhenAiOiIzMjU1NTk0MDU1OS5hcHBzLmdvb2dsZXVzZXJjb250ZW50LmNvbSIsImF1ZCI6IjMyNTU1OTQwNTU5LmFwcHMuZ29vZ2xldXNlcmNvbnRlbnQuY29tIiwic3ViIjoiMTE2MjIwODc5MTYxMDg3Njk1NDQzIiwiaGQiOiJpay10ZWNoLmlvIiwiZW1haWwiOiJ2eWV2ZUBpay10ZWNoLmlvIiwiZW1haWxfdmVyaWZpZWQiOnRydWUsImF0X2hhc2giOiJHdndlWUZUdXp2ekxKdU96YW52ZmdnIiwiaWF0IjoxNTk5OTg0NjcwLCJleHAiOjE1OTk5ODgyNzB9.kPXupsP_2CMDZkY9bJlZ_6Wbkx-19n2O2NB-2KF0rjmJygiUH8GXUc5ibUEyN-JO00IVgUQ7mW8XRWTRCpIIb2dzBPFeGF5lY-dZ5XAvPlDUq0XVmBDOVIHukNtDs0ml6VyWfPbN0ETQ_vphJk_nujwPUz30m0wB6OMRESCX4SToRvQuJWwegwpzUS-GswSPm9bkelV0RywjHS2XVlMRJSXcbNvW6_X-oiNB0z8K0ygWkjvpCPv_1xffiWL-TTSDPp-qTLphFgPsCJ0ui9NLJ39MIQeoBIYWGYmdhNaPjzgnmvJRzfuk-0Bq9MWtGNwHzRpfxiTSKQZDu_PWmcxK-g",
    "token_expiry": "2020-09-13T09:11:09Z"
  },
  "sentinels": {
    "config_sentinel": "/home/vyeve/.config/gcloud/config_sentinel"
  }
}
2020-09-13 11:11:10,195 INFO     ___FILE_ONLY___ 

2020-09-13 11:11:10,196 DEBUG    root            SDK update checks are disabled.
