2020-09-13 17:36:15,589 DEBUG    root            Loaded Command Group: ['gcloud', 'config']
2020-09-13 17:36:15,591 DEBUG    root            Loaded Command Group: ['gcloud', 'config', 'config_helper']
2020-09-13 17:36:15,593 DEBUG    root            Running [gcloud.config.config-helper] with arguments: [--format: "json"]
2020-09-13 17:36:15,598 INFO     root            Display format: "default json"
2020-09-13 17:36:15,598 INFO     ___FILE_ONLY___ {
  "configuration": {
    "active_configuration": "mobco",
    "properties": {
      "compute": {
        "zone": "europe-west2-a"
      },
      "core": {
        "account": "vyeve@ik-tech.io",
        "disable_usage_reporting": "True",
        "project": "mobco-prod"
      }
    }
  },
  "credential": {
    "access_token": "ya29.a0AfH6SMAosTNwBv5oERMn9xQfAHrg711Scd7bgqhU-79b3YTzp7KTPqsNRULAok87dChjjw6makN3ITpj4L86ov-BD_9G_6NeoUZo7x72if0kXQiatml2ecKO14LcwnLCqCJ0MLtXCgHP5waU6SkFZhqPlKn8sVtEHeSaNt4oMFVKQg",
    "id_token": "eyJhbGciOiJSUzI1NiIsImtpZCI6IjNmMzMyYjNlOWI5MjhiZmU1MWJjZjRmOGRhNTQzY2M0YmQ5ZDQ3MjQiLCJ0eXAiOiJKV1QifQ.eyJpc3MiOiJodHRwczovL2FjY291bnRzLmdvb2dsZS5jb20iLCJhenAiOiIzMjU1NTk0MDU1OS5hcHBzLmdvb2dsZXVzZXJjb250ZW50LmNvbSIsImF1ZCI6IjMyNTU1OTQwNTU5LmFwcHMuZ29vZ2xldXNlcmNvbnRlbnQuY29tIiwic3ViIjoiMTE2MjIwODc5MTYxMDg3Njk1NDQzIiwiaGQiOiJpay10ZWNoLmlvIiwiZW1haWwiOiJ2eWV2ZUBpay10ZWNoLmlvIiwiZW1haWxfdmVyaWZpZWQiOnRydWUsImF0X2hhc2giOiJGY2FZcS13MGxfVnVOV0R0VE1nYTh3IiwiaWF0IjoxNjAwMDA3NzczLCJleHAiOjE2MDAwMTEzNzN9.bFMwMqxcmBbsfNZVw3KASY3IU0XN2iliV9TQ3Hwwyl-WWcyEVjML7kCto1FRThdZy2gxovpph0aBf2j6Lu4PTJTZMMrS-lwvsbGEuBC4_rMozH4k9d4_S3X0FKg9QcIAF1G0cuPca22Ds9vWcjdfna7I9zQnZ0JCMN01zLyHXhblFAFXqd1fBJsqE4v25TbVDA_mo2ZzG-ggHx-Y_CBgQjgblwFn2oaai1Jk2DRoR-xcPdHwQWRTL0thT753Df781IY35qcViiHCpvCsp2gaUOJnSeh5_jDKmwwFXuEBPFpJJCp3N8qbYqktnVn2whJqKh4W2tECPQQmMJSM-46jKA",
    "token_expiry": "2020-09-13T15:36:12Z"
  },
  "sentinels": {
    "config_sentinel": "/home/vyeve/.config/gcloud/config_sentinel"
  }
}
2020-09-13 17:36:15,599 INFO     ___FILE_ONLY___ 

2020-09-13 17:36:15,599 DEBUG    root            SDK update checks are disabled.
