2020-09-13 17:36:13,268 DEBUG    root            Loaded Command Group: ['gcloud', 'config']
2020-09-13 17:36:13,271 DEBUG    root            Loaded Command Group: ['gcloud', 'config', 'config_helper']
2020-09-13 17:36:13,273 DEBUG    root            Running [gcloud.config.config-helper] with arguments: [--format: "json"]
2020-09-13 17:36:13,332 DEBUG    google_auth_httplib2 Making request: POST https://oauth2.googleapis.com/token
2020-09-13 17:36:13,590 INFO     root            Display format: "default json"
2020-09-13 17:36:13,591 INFO     ___FILE_ONLY___ {
  "configuration": {
    "active_configuration": "mobco",
    "properties": {
      "compute": {
        "zone": "europe-west2-a"
      },
      "core": {
        "account": "vyeve@ik-tech.io",
        "disable_usage_reporting": "True",
        "project": "mobco-prod"
      }
    }
  },
  "credential": {
    "access_token": "ya29.a0AfH6SMDDIHKH8HsErYrk5UTI-77sqLjMYMdP28ERexRcMxj8IZ3eZZGczxtYZBPF-uTCxCSDWVY-tN2t698ohmwP-VnA0NxzfMnqvcJUcEdboanIY24zjqAArlYW3Rkhr4HO9YfeY5CuUD93QMTTs6Jrah9XgI1y8GP3uiBUnBv2eQ",
    "id_token": "eyJhbGciOiJSUzI1NiIsImtpZCI6IjNmMzMyYjNlOWI5MjhiZmU1MWJjZjRmOGRhNTQzY2M0YmQ5ZDQ3MjQiLCJ0eXAiOiJKV1QifQ.eyJpc3MiOiJodHRwczovL2FjY291bnRzLmdvb2dsZS5jb20iLCJhenAiOiIzMjU1NTk0MDU1OS5hcHBzLmdvb2dsZXVzZXJjb250ZW50LmNvbSIsImF1ZCI6IjMyNTU1OTQwNTU5LmFwcHMuZ29vZ2xldXNlcmNvbnRlbnQuY29tIiwic3ViIjoiMTE2MjIwODc5MTYxMDg3Njk1NDQzIiwiaGQiOiJpay10ZWNoLmlvIiwiZW1haWwiOiJ2eWV2ZUBpay10ZWNoLmlvIiwiZW1haWxfdmVyaWZpZWQiOnRydWUsImF0X2hhc2giOiJKQ05KZkhRVC16LXdlZDc4a2ZCaGFRIiwiaWF0IjoxNjAwMDA3NzczLCJleHAiOjE2MDAwMTEzNzN9.YTZAQ9KCipNezqVFOANI6r59zZJ4qQUrFHwi4LnLVPjacn2iQthamgAcln3E5Dp6TTv2uNYz6svzn3D8GKA6C5BGd7nX-1D4R-UXRCpRZComb2oYKr-G0Asld96pS8IrFm-3vJDxgbCrFJeAIr2rBmKn-cdjPHNCPiSApM5e8Njja6Dsdeo7kOFRC7Kap388FR3VkrnDj4KQmf2bUbphfAuoCE1KcKknqAp1Aph3iRQM8IDIsGKY4e8KIGwfT4p6Rt3OHi1deOGndkuz8cBrVOM-ruU6tPUh0iFC1YwVLL6ZZ5CbRxFg06UGu7dq58FuovQz06RDmK2ZDjRrzmqD7w",
    "token_expiry": "2020-09-13T15:36:12Z"
  },
  "sentinels": {
    "config_sentinel": "/home/vyeve/.config/gcloud/config_sentinel"
  }
}
2020-09-13 17:36:13,592 INFO     ___FILE_ONLY___ 

2020-09-13 17:36:13,593 DEBUG    root            SDK update checks are disabled.
