2020-10-04 17:44:16,849 DEBUG    root            Loaded Command Group: ['gcloud', 'config']
2020-10-04 17:44:16,854 DEBUG    root            Loaded Command Group: ['gcloud', 'config', 'config_helper']
2020-10-04 17:44:16,858 DEBUG    root            Running [gcloud.config.config-helper] with arguments: [--format: "json"]
2020-10-04 17:44:16,868 INFO     root            Display format: "default json"
2020-10-04 17:44:16,869 INFO     ___FILE_ONLY___ {
  "configuration": {
    "active_configuration": "mobco",
    "properties": {
      "compute": {
        "zone": "europe-west2-a"
      },
      "core": {
        "account": "vyeve@ik-tech.io",
        "disable_usage_reporting": "True",
        "project": "mobco-prod"
      }
    }
  },
  "credential": {
    "access_token": "ya29.a0AfH6SMB8wQBt_agi0ISahPJc5OJWDNpAHWYSISujkkcILMuCtRfwK0mHalnW3HZeny-q0O3rxE0AlfSIm-dSmkWRMqeJqycbfPgm1YNzeCV_T5Wu-MPw-nPJW2NTmbMYkLkr-Nj5-91geBBscVSrxhFhj6B4yvikCZSE2a5bF9b_wA",
    "id_token": "eyJhbGciOiJSUzI1NiIsImtpZCI6IjVlZmZhNzZlZjMzZWNiNWUzNDZiZDUxMmQ3ZDg5YjMwZTQ3ZDhlOTgiLCJ0eXAiOiJKV1QifQ.eyJpc3MiOiJodHRwczovL2FjY291bnRzLmdvb2dsZS5jb20iLCJhenAiOiIzMjU1NTk0MDU1OS5hcHBzLmdvb2dsZXVzZXJjb250ZW50LmNvbSIsImF1ZCI6IjMyNTU1OTQwNTU5LmFwcHMuZ29vZ2xldXNlcmNvbnRlbnQuY29tIiwic3ViIjoiMTE2MjIwODc5MTYxMDg3Njk1NDQzIiwiaGQiOiJpay10ZWNoLmlvIiwiZW1haWwiOiJ2eWV2ZUBpay10ZWNoLmlvIiwiZW1haWxfdmVyaWZpZWQiOnRydWUsImF0X2hhc2giOiJtbFBtVENWTl93YWpuR25zamM2OUlBIiwiaWF0IjoxNjAxODIyNjQ2LCJleHAiOjE2MDE4MjYyNDZ9.Ge90s8lr9xqZ-jNmut7CV6e_KDCIHrm91vZ-bQ9TfoqXmRWVOQySFSxy326Dd8ehoAQ2_J2GvlfrQ2zVvK6sjC_LjtSLcnOz75U3Z8-idI3RCcfrYkDYQssQWuY722JR84yxMIfVbExbRzgOftDb3Ul-A05SVoNAM6t2kuH5-DnHuAPJMhrIAcBaMi_ZjsiVMO2vt323FfnQSmulvHN2U5rWukG_Xgn1kVW4P9r7TG1Inra2ZSEkZz0XZnHFGBtkSh5VkFsTore8gbPchczTcgGM-tlYxCIhZ7rY7w7Wx_nau_YZ6pBqQtg0E1tN_54bQRUjcQrhgRoHy8pO4xBz7A",
    "token_expiry": "2020-10-04T15:44:05Z"
  },
  "sentinels": {
    "config_sentinel": "/home/vyeve/.config/gcloud/config_sentinel"
  }
}
2020-10-04 17:44:16,870 INFO     ___FILE_ONLY___ 

2020-10-04 17:44:16,871 DEBUG    root            SDK update checks are disabled.
